<?xml version="1.0" encoding="UTF-8"?>
<!-- Generated by org.testng.reporters.JUnitXMLReporter -->
<testsuite hostname="qed42s-MacBook-Pro.local" ignored="0" name="Default test(failed)" tests="1" failures="1" timestamp="2022-07-03T20:57:08 IST" time="6.07" errors="0">
  <testcase name="GetFeatured_Porduct_Name_And_Price" time="0.01" classname="test.Test_Featured_Product_Details">
    <failure type="java.lang.NullPointerException">
      <![CDATA[java.lang.NullPointerException
at pageobjects.Feature_Product_List.<init>(Feature_Product_List.java:24)
at test.Test_Featured_Product_Details.GetFeatured_Porduct_Name_And_Price(Test_Featured_Product_Details.java:15)
at java.util.ArrayList.forEach(ArrayList.java:1259)
... Removed 27 stack frames]]>
    </failure>
  </testcase> <!-- GetFeatured_Porduct_Name_And_Price -->
</testsuite> <!-- Default test(failed) -->
